<?xml version="1.0" encoding="UTF-8"?>
<coverage generated="1650615406599" clover="3.2.0">
  <project timestamp="1650615406601" name="All files">
    <metrics statements="16" coveredstatements="16" conditionals="3" coveredconditionals="2" methods="5" coveredmethods="5" elements="24" coveredelements="23" complexity="0" loc="16" ncloc="16" packages="1" files="4" classes="4"/>
    <file name="arraysum.js" path="C:\Users\idris\Desktop\learn\src\arraysum.js">
      <metrics statements="6" coveredstatements="6" conditionals="1" coveredconditionals="0" methods="2" coveredmethods="2"/>
      <line num="5" count="1" type="cond" truecount="0" falsecount="1"/>
      <line num="6" count="4" type="stmt"/>
      <line num="8" count="4" type="stmt"/>
      <line num="9" count="23" type="stmt"/>
      <line num="11" count="4" type="stmt"/>
      <line num="14" count="1" type="stmt"/>
    </file>
    <file name="factorielle.js" path="C:\Users\idris\Desktop\learn\src\factorielle.js">
      <metrics statements="5" coveredstatements="5" conditionals="2" coveredconditionals="2" methods="1" coveredmethods="1"/>
      <line num="5" count="2" type="stmt"/>
      <line num="6" count="152" type="cond" truecount="2" falsecount="0"/>
      <line num="7" count="8" type="stmt"/>
      <line num="9" count="144" type="stmt"/>
      <line num="12" count="2" type="stmt"/>
    </file>
    <file name="ihmock.js" path="C:\Users\idris\Desktop\learn\src\ihmock.js">
      <metrics statements="3" coveredstatements="3" conditionals="0" coveredconditionals="0" methods="1" coveredmethods="1"/>
      <line num="1" count="1" type="stmt"/>
      <line num="7" count="4" type="stmt"/>
      <line num="9" count="1" type="stmt"/>
    </file>
    <file name="sum.js" path="C:\Users\idris\Desktop\learn\src\sum.js">
      <metrics statements="2" coveredstatements="2" conditionals="0" coveredconditionals="0" methods="1" coveredmethods="1"/>
      <line num="6" count="3" type="stmt"/>
      <line num="8" count="1" type="stmt"/>
    </file>
  </project>
</coverage>
