{"C:\\Users\\idris\\Desktop\\learn\\src\\arraysum.js": {"path":"C:\\Users\\idris\\Desktop\\learn\\src\\arraysum.js","statementMap":{"0":{"start":{"line":5,"column":17},"end":{"line":12,"column":1}},"1":{"start":{"line":6,"column":16},"end":{"line":6,"column":17}},"2":{"start":{"line":8,"column":4},"end":{"line":10,"column":6}},"3":{"start":{"line":9,"column":8},"end":{"line":9,"column":31}},"4":{"start":{"line":11,"column":4},"end":{"line":11,"column":16}},"5":{"start":{"line":14,"column":0},"end":{"line":14,"column":25}}},"fnMap":{"0":{"name":"(anonymous_0)","decl":{"start":{"line":5,"column":17},"end":{"line":5,"column":18}},"loc":{"start":{"line":5,"column":40},"end":{"line":12,"column":1}},"line":5},"1":{"name":"(anonymous_1)","decl":{"start":{"line":8,"column":18},"end":{"line":8,"column":19}},"loc":{"start":{"line":8,"column":28},"end":{"line":10,"column":5}},"line":8}},"branchMap":{"0":{"loc":{"start":{"line":5,"column":18},"end":{"line":5,"column":35}},"type":"default-arg","locations":[{"start":{"line":5,"column":26},"end":{"line":5,"column":35}}],"line":5}},"s":{"0":1,"1":3,"2":3,"3":9,"4":3,"5":1},"f":{"0":3,"1":9},"b":{"0":[0]},"_coverageSchema":"1a1c01bbd47fc00a2c39e90264f33305004495a9","hash":"bea6ae4927688f7e7a1a1b900d14ff88069538d5"}
,"C:\\Users\\idris\\Desktop\\learn\\src\\factorielle.js": {"path":"C:\\Users\\idris\\Desktop\\learn\\src\\factorielle.js","statementMap":{"0":{"start":{"line":5,"column":13},"end":{"line":10,"column":1}},"1":{"start":{"line":6,"column":4},"end":{"line":7,"column":16}},"2":{"start":{"line":7,"column":8},"end":{"line":7,"column":16}},"3":{"start":{"line":9,"column":4},"end":{"line":9,"column":28}},"4":{"start":{"line":12,"column":0},"end":{"line":12,"column":22}}},"fnMap":{"0":{"name":"(anonymous_0)","decl":{"start":{"line":5,"column":13},"end":{"line":5,"column":14}},"loc":{"start":{"line":5,"column":21},"end":{"line":10,"column":1}},"line":5}},"branchMap":{"0":{"loc":{"start":{"line":6,"column":4},"end":{"line":7,"column":16}},"type":"if","locations":[{"start":{"line":6,"column":4},"end":{"line":7,"column":16}},{"start":{},"end":{}}],"line":6}},"s":{"0":2,"1":9,"2":3,"3":6,"4":2},"f":{"0":9},"b":{"0":[3,6]},"_coverageSchema":"1a1c01bbd47fc00a2c39e90264f33305004495a9","hash":"11cfeda9d0a80f97cada805db06fa8f411d403cf"}
,"C:\\Users\\idris\\Desktop\\learn\\src\\ihmock.js": {"path":"C:\\Users\\idris\\Desktop\\learn\\src\\ihmock.js","statementMap":{"0":{"start":{"line":1,"column":13},"end":{"line":1,"column":37}},"1":{"start":{"line":7,"column":15},"end":{"line":7,"column":47}},"2":{"start":{"line":7,"column":26},"end":{"line":7,"column":47}},"3":{"start":{"line":9,"column":0},"end":{"line":11,"column":1}}},"fnMap":{"0":{"name":"(anonymous_0)","decl":{"start":{"line":7,"column":15},"end":{"line":7,"column":16}},"loc":{"start":{"line":7,"column":26},"end":{"line":7,"column":47}},"line":7}},"branchMap":{},"s":{"0":1,"1":1,"2":1,"3":1},"f":{"0":1},"b":{},"_coverageSchema":"1a1c01bbd47fc00a2c39e90264f33305004495a9","hash":"4b75998bc79e9e0aba000e6c6c315ef18ad104db"}
,"C:\\Users\\idris\\Desktop\\learn\\src\\sum.js": {"path":"C:\\Users\\idris\\Desktop\\learn\\src\\sum.js","statementMap":{"0":{"start":{"line":6,"column":12},"end":{"line":6,"column":51}},"1":{"start":{"line":6,"column":34},"end":{"line":6,"column":51}},"2":{"start":{"line":8,"column":0},"end":{"line":8,"column":21}}},"fnMap":{"0":{"name":"(anonymous_0)","decl":{"start":{"line":6,"column":12},"end":{"line":6,"column":13}},"loc":{"start":{"line":6,"column":34},"end":{"line":6,"column":51}},"line":6}},"branchMap":{},"s":{"0":1,"1":3,"2":1},"f":{"0":3},"b":{},"_coverageSchema":"1a1c01bbd47fc00a2c39e90264f33305004495a9","hash":"b92a8262d3f19127f0c30a173e10319ed5f9385d"}
}
