TN:
SF:src\arraysum.js
FN:5,(anonymous_0)
FN:8,(anonymous_1)
FNF:2
FNH:2
FNDA:4,(anonymous_0)
FNDA:23,(anonymous_1)
DA:5,1
DA:6,4
DA:8,4
DA:9,23
DA:11,4
DA:14,1
LF:6
LH:6
BRDA:5,0,0,0
BRF:1
BRH:0
end_of_record
TN:
SF:src\factorielle.js
FN:5,(anonymous_0)
FNF:1
FNH:1
FNDA:152,(anonymous_0)
DA:5,2
DA:6,152
DA:7,8
DA:9,144
DA:12,2
LF:5
LH:5
BRDA:6,0,0,8
BRDA:6,0,1,144
BRF:2
BRH:2
end_of_record
TN:
SF:src\ihmock.js
FN:7,(anonymous_0)
FNF:1
FNH:1
FNDA:4,(anonymous_0)
DA:1,1
DA:7,4
DA:9,1
LF:3
LH:3
BRF:0
BRH:0
end_of_record
TN:
SF:src\sum.js
FN:6,(anonymous_0)
FNF:1
FNH:1
FNDA:3,(anonymous_0)
DA:6,3
DA:8,1
LF:2
LH:2
BRF:0
BRH:0
end_of_record
